2025-08-26 18:01:33,135 - 
============================================================
2025-08-26 18:01:33,136 - MISE A JOUR COMPLETE - TOUS LES CHAMPIONNATS
2025-08-26 18:01:33,136 - ============================================================
2025-08-26 18:01:33,136 - [BACKUP] Creation backup...
2025-08-26 18:01:33,387 - [BACKUP] OK
2025-08-26 18:01:33,387 - 
==================================================
2025-08-26 18:01:33,387 - [Ligue 1] Debut traitement
2025-08-26 18:01:33,387 - ==================================================
2025-08-26 18:01:33,591 - [Ligue 1] 18 equipes trouvees
2025-08-26 18:01:33,594 - [Ligue 1] Equipe 1/18: Olympique Marseille
2025-08-26 18:01:40,607 -   -> 31 joueurs
2025-08-26 18:01:40,607 - [Ligue 1] Equipe 2/18: LOSC Lille
2025-08-26 18:01:45,850 -   -> 28 joueurs
2025-08-26 18:01:45,851 - [Ligue 1] Equipe 3/18: Rennes
2025-08-26 18:01:50,595 -   -> 27 joueurs
2025-08-26 18:01:50,595 - [Ligue 1] Equipe 4/18: Monaco
2025-08-26 18:01:56,312 -   -> 32 joueurs
2025-08-26 18:01:56,312 - [Ligue 1] Equipe 5/18: Le Havre
2025-08-26 18:02:01,683 -   -> 27 joueurs
2025-08-26 18:02:02,684 - [Ligue 1] Equipe 6/18: Angers SCO
2025-08-26 18:02:08,172 -   -> 29 joueurs
2025-08-26 18:02:08,172 - [Ligue 1] Equipe 7/18: Strasbourg
2025-08-26 18:02:14,249 -   -> 34 joueurs
2025-08-26 18:02:14,249 - [Ligue 1] Equipe 8/18: Paris Saint Germain
2025-08-26 18:02:19,372 -   -> 29 joueurs
2025-08-26 18:02:19,372 - [Ligue 1] Equipe 9/18: Lens
2025-08-26 18:02:24,554 -   -> 28 joueurs
2025-08-26 18:02:24,555 - [Ligue 1] Equipe 10/18: Nantes
2025-08-26 18:06:33,070 -   -> 25 joueurs
2025-08-26 18:06:34,070 - [Ligue 1] Equipe 11/18: Metz
2025-08-26 18:12:38,007 -   -> 25 joueurs
2025-08-26 18:12:38,007 - [Ligue 1] Equipe 12/18: Toulouse
