2025-08-24 11:19:11,525 - INFO - ============================================================
2025-08-24 11:19:11,534 - INFO - ============================================================
2025-08-24 11:19:11,560 - INFO - 
--- Traitement de Ligue 1 ---
2025-08-24 11:19:11,766 - ERROR - Erreur API 400:     {"message":"Filters should be passed as a string","link":"https:\/\/docs.sportmonks.com\/football\/api\/response-codes\/filtering-and-complexity-exceptions","code":5010}
2025-08-24 11:19:11,856 - ERROR - Erreur API 400:     {"message":"Filters should be passed as a string","link":"https:\/\/docs.sportmonks.com\/football\/api\/response-codes\/filtering-and-complexity-exceptions","code":5010}
2025-08-24 11:19:11,945 - ERROR - Erreur API 400:     {"message":"Filters should be passed as a string","link":"https:\/\/docs.sportmonks.com\/football\/api\/response-codes\/filtering-and-complexity-exceptions","code":5010}
2025-08-24 11:19:12,020 - ERROR - Erreur API 400:     {"message":"Filters should be passed as a string","link":"https:\/\/docs.sportmonks.com\/football\/api\/response-codes\/filtering-and-complexity-exceptions","code":5010}
2025-08-24 11:19:12,113 - ERROR - Erreur API 400:     {"message":"Filters should be passed as a string","link":"https:\/\/docs.sportmonks.com\/football\/api\/response-codes\/filtering-and-complexity-exceptions","code":5010}
2025-08-24 11:19:12,195 - ERROR - Erreur API 400:     {"message":"Filters should be passed as a string","link":"https:\/\/docs.sportmonks.com\/football\/api\/response-codes\/filtering-and-complexity-exceptions","code":5010}
2025-08-24 11:19:12,281 - ERROR - Erreur API 400:     {"message":"Filters should be passed as a string","link":"https:\/\/docs.sportmonks.com\/football\/api\/response-codes\/filtering-and-complexity-exceptions","code":5010}
2025-08-24 11:19:12,356 - ERROR - Erreur API 400:     {"message":"Filters should be passed as a string","link":"https:\/\/docs.sportmonks.com\/football\/api\/response-codes\/filtering-and-complexity-exceptions","code":5010}
2025-08-24 11:19:12,433 - ERROR - Erreur API 400:     {"message":"Filters should be passed as a string","link":"https:\/\/docs.sportmonks.com\/football\/api\/response-codes\/filtering-and-complexity-exceptions","code":5010}
2025-08-24 11:19:12,537 - ERROR - Erreur API 400:     {"message":"Filters should be passed as a string","link":"https:\/\/docs.sportmonks.com\/football\/api\/response-codes\/filtering-and-complexity-exceptions","code":5010}
2025-08-24 11:19:12,625 - ERROR - Erreur API 400:     {"message":"Filters should be passed as a string","link":"https:\/\/docs.sportmonks.com\/football\/api\/response-codes\/filtering-and-complexity-exceptions","code":5010}
2025-08-24 11:19:12,717 - ERROR - Erreur API 400:     {"message":"Filters should be passed as a string","link":"https:\/\/docs.sportmonks.com\/football\/api\/response-codes\/filtering-and-complexity-exceptions","code":5010}
2025-08-24 11:19:12,803 - ERROR - Erreur API 400:     {"message":"Filters should be passed as a string","link":"https:\/\/docs.sportmonks.com\/football\/api\/response-codes\/filtering-and-complexity-exceptions","code":5010}
2025-08-24 11:19:12,883 - ERROR - Erreur API 400:     {"message":"Filters should be passed as a string","link":"https:\/\/docs.sportmonks.com\/football\/api\/response-codes\/filtering-and-complexity-exceptions","code":5010}
2025-08-24 11:19:12,962 - ERROR - Erreur API 400:     {"message":"Filters should be passed as a string","link":"https:\/\/docs.sportmonks.com\/football\/api\/response-codes\/filtering-and-complexity-exceptions","code":5010}
2025-08-24 11:19:13,039 - ERROR - Erreur API 400:     {"message":"Filters should be passed as a string","link":"https:\/\/docs.sportmonks.com\/football\/api\/response-codes\/filtering-and-complexity-exceptions","code":5010}
2025-08-24 11:19:13,117 - ERROR - Erreur API 400:     {"message":"Filters should be passed as a string","link":"https:\/\/docs.sportmonks.com\/football\/api\/response-codes\/filtering-and-complexity-exceptions","code":5010}
2025-08-24 11:19:13,196 - ERROR - Erreur API 400:     {"message":"Filters should be passed as a string","link":"https:\/\/docs.sportmonks.com\/football\/api\/response-codes\/filtering-and-complexity-exceptions","code":5010}
2025-08-24 11:19:13,232 - INFO - 
============================================================
2025-08-24 11:19:13,232 - INFO - ============================================================
